{"message":"An emergency level message","level":"emerg"}
{"message":"An alert level message","level":"alert"}
{"message":"A critical level message","level":"crit"}
{"message":"An error level message","level":"error"}
{"message":"A warning level message","level":"warning"}
{"message":"A notice level message","level":"notice"}
{"message":"An info level message: sum:6","level":"info"}
{"message":"An emergency level message","level":"emerg"}
{"message":"An alert level message","level":"alert"}
{"message":"A critical level message","level":"crit"}
{"message":"An error level message","level":"error"}
{"message":"A warning level message","level":"warning"}
{"message":"A notice level message","level":"notice"}
{"message":"An info level message: sum:6","level":"info"}
{"message":"An emergency level message","level":"emerg"}
{"message":"An alert level message","level":"alert"}
{"message":"A critical level message","level":"crit"}
{"message":"An error level message","level":"error"}
{"message":"A warning level message","level":"warning"}
{"message":"A notice level message","level":"notice"}
{"message":"An info level message: sum:6","level":"info"}
{"message":"An emergency level message","level":"emerg"}
{"message":"An alert level message","level":"alert"}
{"message":"A critical level message","level":"crit"}
{"message":"An error level message","level":"error"}
{"message":"A warning level message","level":"warning"}
{"message":"A notice level message","level":"notice"}
{"message":"An info level message: sum:6","level":"info"}
{"message":"An emergency level message","level":"emerg"}
{"message":"An alert level message","level":"alert"}
{"message":"A critical level message","level":"crit"}
{"message":"An error level message","level":"error"}
{"message":"A warning level message","level":"warning"}
{"message":"A notice level message","level":"notice"}
{"message":"An info level message: sum:6","level":"info"}
{"message":"An emergency level message","level":"emerg"}
{"message":"An alert level message","level":"alert"}
{"message":"A critical level message","level":"crit"}
{"message":"An error level message","level":"error"}
{"message":"A warning level message","level":"warning"}
{"message":"A notice level message","level":"notice"}
{"message":"An info level message: sum:6","level":"info"}
{"message":"An emergency level message","level":"emerg"}
{"message":"An alert level message","level":"alert"}
{"message":"A critical level message","level":"crit"}
{"message":"An error level message","level":"error"}
{"message":"A warning level message","level":"warning"}
{"message":"A notice level message","level":"notice"}
{"message":"An info level message: sum:6","level":"info"}
{"message":"An emergency level message","level":"emerg"}
{"message":"An alert level message","level":"alert"}
{"message":"A critical level message","level":"crit"}
{"message":"An error level message","level":"error"}
{"message":"A warning level message","level":"warning"}
{"message":"A notice level message","level":"notice"}
{"message":"An info level message: sum:6","level":"info"}
