{"message":"An emergency level message","level":"emerg"}
{"message":"An alert level message","level":"alert"}
{"message":"A critical level message","level":"crit"}
{"message":"An error level message","level":"error"}
{"message":"An emergency level message","level":"emerg"}
{"message":"An alert level message","level":"alert"}
{"message":"A critical level message","level":"crit"}
{"message":"An error level message","level":"error"}
{"message":"An emergency level message","level":"emerg"}
{"message":"An alert level message","level":"alert"}
{"message":"A critical level message","level":"crit"}
{"message":"An error level message","level":"error"}
{"message":"An emergency level message","level":"emerg"}
{"message":"An alert level message","level":"alert"}
{"message":"A critical level message","level":"crit"}
{"message":"An error level message","level":"error"}
{"message":"An emergency level message","level":"emerg"}
{"message":"An alert level message","level":"alert"}
{"message":"A critical level message","level":"crit"}
{"message":"An error level message","level":"error"}
{"message":"An emergency level message","level":"emerg"}
{"message":"An alert level message","level":"alert"}
{"message":"A critical level message","level":"crit"}
{"message":"An error level message","level":"error"}
{"message":"An emergency level message","level":"emerg"}
{"message":"An alert level message","level":"alert"}
{"message":"A critical level message","level":"crit"}
{"message":"An error level message","level":"error"}
{"message":"An emergency level message","level":"emerg"}
{"message":"An alert level message","level":"alert"}
{"message":"A critical level message","level":"crit"}
{"message":"An error level message","level":"error"}
{"message":"An emergency level message","level":"emerg"}
{"message":"An alert level message","level":"alert"}
{"message":"A critical level message","level":"crit"}
{"message":"An error level message","level":"error"}
{"message":"An emergency level message","level":"emerg"}
{"message":"An alert level message","level":"alert"}
{"message":"A critical level message","level":"crit"}
{"message":"An error level message","level":"error"}
{"message":"An emergency level message","level":"emerg"}
{"message":"An alert level message","level":"alert"}
{"message":"A critical level message","level":"crit"}
{"message":"An error level message","level":"error"}
{"message":"An emergency level message","level":"emerg"}
{"message":"An alert level message","level":"alert"}
{"message":"A critical level message","level":"crit"}
{"message":"An error level message","level":"error"}
{"message":"An emergency level message","level":"emerg"}
{"message":"An alert level message","level":"alert"}
{"message":"A critical level message","level":"crit"}
{"message":"An error level message","level":"error"}
{"message":"An emergency level message","level":"emerg"}
{"message":"An alert level message","level":"alert"}
{"message":"A critical level message","level":"crit"}
{"message":"An error level message","level":"error"}
{"message":"An emergency level message","level":"emerg"}
{"message":"An alert level message","level":"alert"}
{"message":"A critical level message","level":"crit"}
{"message":"An error level message","level":"error"}
{"message":"An emergency level message","level":"emerg"}
{"message":"An alert level message","level":"alert"}
{"message":"A critical level message","level":"crit"}
{"message":"An error level message","level":"error"}
{"message":"An emergency level message","level":"emerg"}
{"message":"An alert level message","level":"alert"}
{"message":"A critical level message","level":"crit"}
{"message":"An error level message","level":"error"}
{"message":"An emergency level message","level":"emerg"}
{"message":"An alert level message","level":"alert"}
{"message":"A critical level message","level":"crit"}
{"message":"An error level message","level":"error"}
{"message":"An emergency level message","level":"emerg"}
{"message":"An alert level message","level":"alert"}
{"message":"A critical level message","level":"crit"}
{"message":"An error level message","level":"error"}
{"message":"An emergency level message","level":"emerg"}
{"message":"An alert level message","level":"alert"}
{"message":"A critical level message","level":"crit"}
{"message":"An error level message","level":"error"}
{"message":"An emergency level message","level":"emerg"}
{"message":"An alert level message","level":"alert"}
{"message":"A critical level message","level":"crit"}
{"message":"An error level message","level":"error"}
{"message":"An emergency level message","level":"emerg"}
{"message":"An alert level message","level":"alert"}
{"message":"A critical level message","level":"crit"}
{"message":"An error level message","level":"error"}
{"message":"An emergency level message","level":"emerg"}
{"message":"An alert level message","level":"alert"}
{"message":"A critical level message","level":"crit"}
{"message":"An error level message","level":"error"}
{"message":"An emergency level message","level":"emerg"}
{"message":"An alert level message","level":"alert"}
{"message":"A critical level message","level":"crit"}
{"message":"An error level message","level":"error"}
{"message":"An emergency level message","level":"emerg"}
{"message":"An alert level message","level":"alert"}
{"message":"A critical level message","level":"crit"}
{"message":"An error level message","level":"error"}
{"message":"An emergency level message","level":"emerg"}
{"message":"An alert level message","level":"alert"}
{"message":"A critical level message","level":"crit"}
{"message":"An error level message","level":"error"}
{"message":"An emergency level message","level":"emerg"}
{"message":"An alert level message","level":"alert"}
{"message":"A critical level message","level":"crit"}
{"message":"An error level message","level":"error"}
{"message":"An emergency level message","level":"emerg"}
{"message":"An alert level message","level":"alert"}
{"message":"A critical level message","level":"crit"}
{"message":"An error level message","level":"error"}
{"message":"An emergency level message","level":"emerg"}
{"message":"An alert level message","level":"alert"}
{"message":"A critical level message","level":"crit"}
{"message":"An error level message","level":"error"}
{"message":"An emergency level message","level":"emerg"}
{"message":"An alert level message","level":"alert"}
{"message":"A critical level message","level":"crit"}
{"message":"An error level message","level":"error"}
{"message":"An emergency level message","level":"emerg"}
{"message":"An alert level message","level":"alert"}
{"message":"A critical level message","level":"crit"}
{"message":"An error level message","level":"error"}
{"message":"An emergency level message","level":"emerg"}
{"message":"An alert level message","level":"alert"}
{"message":"A critical level message","level":"crit"}
{"message":"An error level message","level":"error"}
{"message":"An emergency level message","level":"emerg"}
{"message":"An alert level message","level":"alert"}
{"message":"A critical level message","level":"crit"}
{"message":"An error level message","level":"error"}
{"message":"An emergency level message","level":"emerg"}
{"message":"An alert level message","level":"alert"}
{"message":"A critical level message","level":"crit"}
{"message":"An error level message","level":"error"}
{"message":"An emergency level message","level":"emerg"}
{"message":"An alert level message","level":"alert"}
{"message":"A critical level message","level":"crit"}
{"message":"An error level message","level":"error"}
{"message":"An emergency level message","level":"emerg"}
{"message":"An alert level message","level":"alert"}
{"message":"A critical level message","level":"crit"}
{"message":"An error level message","level":"error"}
{"message":"An emergency level message","level":"emerg"}
{"message":"An alert level message","level":"alert"}
{"message":"A critical level message","level":"crit"}
{"message":"An error level message","level":"error"}
{"message":"An emergency level message","level":"emerg"}
{"message":"An alert level message","level":"alert"}
{"message":"A critical level message","level":"crit"}
{"message":"An error level message","level":"error"}
{"message":"An emergency level message","level":"emerg"}
{"message":"An alert level message","level":"alert"}
{"message":"A critical level message","level":"crit"}
{"message":"An error level message","level":"error"}
{"message":"An emergency level message","level":"emerg"}
{"message":"An alert level message","level":"alert"}
{"message":"A critical level message","level":"crit"}
{"message":"An error level message","level":"error"}
{"message":"An emergency level message","level":"emerg"}
{"message":"An alert level message","level":"alert"}
{"message":"A critical level message","level":"crit"}
{"message":"An error level message","level":"error"}
{"message":"An emergency level message","level":"emerg"}
{"message":"An alert level message","level":"alert"}
{"message":"A critical level message","level":"crit"}
{"message":"An error level message","level":"error"}
{"message":"An emergency level message","level":"emerg"}
{"message":"An alert level message","level":"alert"}
{"message":"A critical level message","level":"crit"}
{"message":"An error level message","level":"error"}
{"message":"An emergency level message","level":"emerg"}
{"message":"An alert level message","level":"alert"}
{"message":"A critical level message","level":"crit"}
{"message":"An error level message","level":"error"}
{"message":"An emergency level message","level":"emerg"}
{"message":"An alert level message","level":"alert"}
{"message":"A critical level message","level":"crit"}
{"message":"An error level message","level":"error"}
{"message":"An emergency level message","level":"emerg"}
{"message":"An alert level message","level":"alert"}
{"message":"A critical level message","level":"crit"}
{"message":"An error level message","level":"error"}
{"message":"An emergency level message","level":"emerg"}
{"message":"An alert level message","level":"alert"}
{"message":"A critical level message","level":"crit"}
{"message":"An error level message","level":"error"}
{"message":"An emergency level message","level":"emerg"}
{"message":"An alert level message","level":"alert"}
{"message":"A critical level message","level":"crit"}
{"message":"An error level message","level":"error"}
{"message":"An emergency level message","level":"emerg"}
{"message":"An alert level message","level":"alert"}
{"message":"A critical level message","level":"crit"}
{"message":"An error level message","level":"error"}
{"message":"An emergency level message","level":"emerg"}
{"message":"An alert level message","level":"alert"}
{"message":"A critical level message","level":"crit"}
{"message":"An error level message","level":"error"}
{"message":"An emergency level message","level":"emerg"}
{"message":"An alert level message","level":"alert"}
{"message":"A critical level message","level":"crit"}
{"message":"An error level message","level":"error"}
{"message":"An emergency level message","level":"emerg"}
{"message":"An alert level message","level":"alert"}
{"message":"A critical level message","level":"crit"}
{"message":"An error level message","level":"error"}
{"message":"An emergency level message","level":"emerg"}
{"message":"An alert level message","level":"alert"}
{"message":"A critical level message","level":"crit"}
{"message":"An error level message","level":"error"}
{"message":"An emergency level message","level":"emerg"}
{"message":"An alert level message","level":"alert"}
{"message":"A critical level message","level":"crit"}
{"message":"An error level message","level":"error"}
{"message":"An emergency level message","level":"emerg"}
{"message":"An alert level message","level":"alert"}
{"message":"A critical level message","level":"crit"}
{"message":"An error level message","level":"error"}
{"message":"An emergency level message","level":"emerg"}
{"message":"An alert level message","level":"alert"}
{"message":"A critical level message","level":"crit"}
{"message":"An error level message","level":"error"}
{"message":"An emergency level message","level":"emerg"}
{"message":"An alert level message","level":"alert"}
{"message":"A critical level message","level":"crit"}
{"message":"An error level message","level":"error"}
{"message":"An emergency level message","level":"emerg"}
{"message":"An alert level message","level":"alert"}
{"message":"A critical level message","level":"crit"}
{"message":"An error level message","level":"error"}
{"message":"An emergency level message","level":"emerg"}
{"message":"An alert level message","level":"alert"}
{"message":"A critical level message","level":"crit"}
{"message":"An error level message","level":"error"}
{"message":"An emergency level message","level":"emerg"}
{"message":"An alert level message","level":"alert"}
{"message":"A critical level message","level":"crit"}
{"message":"An error level message","level":"error"}
{"message":"An emergency level message","level":"emerg"}
{"message":"An alert level message","level":"alert"}
{"message":"A critical level message","level":"crit"}
{"message":"An error level message","level":"error"}
{"message":"Cast to ObjectId failed for value \"5bcljea5daa7a18133c87e4065\" at path \"_id\" for model \"Article\"","name":"CastError","stringValue":"\"5bcljea5daa7a18133c87e4065\"","kind":"ObjectId","value":"5bcljea5daa7a18133c87e4065","path":"_id","level":"error"}
{"message":"Cast to ObjectId failed for value \"5bcljea5daa7a18133c87e4065\" at path \"_id\" for model \"Article\"","name":"CastError","stringValue":"\"5bcljea5daa7a18133c87e4065\"","kind":"ObjectId","value":"5bcljea5daa7a18133c87e4065","path":"_id","level":"error"}
{"message":"Cast to ObjectId failed for value \"5bcljea5daa7a18133c87e4065\" at path \"_id\" for model \"Article\"","name":"CastError","stringValue":"\"5bcljea5daa7a18133c87e4065\"","kind":"ObjectId","value":"5bcljea5daa7a18133c87e4065","path":"_id","level":"error"}
{"message":"Cast to ObjectId failed for value \"5bcljea5daa7a18133c87e4065\" at path \"_id\" for model \"Article\"","name":"CastError","stringValue":"\"5bcljea5daa7a18133c87e4065\"","kind":"ObjectId","value":"5bcljea5daa7a18133c87e4065","path":"_id","level":"error"}
{"message":"Cast to ObjectId failed for value \"s\" at path \"_id\" for model \"Article\"","name":"CastError","stringValue":"\"s\"","kind":"ObjectId","value":"s","path":"_id","level":"error"}
{"message":"Cast to ObjectId failed for value \"s\" at path \"_id\" for model \"Article\"","name":"CastError","stringValue":"\"s\"","kind":"ObjectId","value":"s","path":"_id","level":"error"}
{"message":"Cast to ObjectId failed for value \"s\" at path \"_id\" for model \"Article\"","name":"CastError","stringValue":"\"s\"","kind":"ObjectId","value":"s","path":"_id","level":"error"}
{"message":"Cast to ObjectId failed for value \"s\" at path \"_id\" for model \"Article\"","name":"CastError","stringValue":"\"s\"","kind":"ObjectId","value":"s","path":"_id","level":"error"}
{"message":"Cast to ObjectId failed for value \"s\" at path \"_id\" for model \"Article\"","name":"CastError","stringValue":"\"s\"","kind":"ObjectId","value":"s","path":"_id","level":"error"}
{"message":"Cast to ObjectId failed for value \"s\" at path \"_id\" for model \"Article\"","name":"CastError","stringValue":"\"s\"","kind":"ObjectId","value":"s","path":"_id","level":"error"}
{"message":"Cast to ObjectId failed for value \"s\" at path \"_id\" for model \"Article\"","name":"CastError","stringValue":"\"s\"","kind":"ObjectId","value":"s","path":"_id","level":"error"}
{"message":"Cast to ObjectId failed for value \"s\" at path \"_id\" for model \"Article\"","name":"CastError","stringValue":"\"s\"","kind":"ObjectId","value":"s","path":"_id","level":"error"}
{"message":"Cast to ObjectId failed for value \"s\" at path \"_id\" for model \"Article\"","name":"CastError","stringValue":"\"s\"","kind":"ObjectId","value":"s","path":"_id","level":"error"}
{"message":"Cast to ObjectId failed for value \"s\" at path \"_id\" for model \"Article\"","name":"CastError","stringValue":"\"s\"","kind":"ObjectId","value":"s","path":"_id","level":"error"}
{"message":"Cast to ObjectId failed for value \"s\" at path \"_id\" for model \"Article\"","name":"CastError","stringValue":"\"s\"","kind":"ObjectId","value":"s","path":"_id","level":"error"}
{"message":"Cast to ObjectId failed for value \"s\" at path \"_id\" for model \"Article\"","name":"CastError","stringValue":"\"s\"","kind":"ObjectId","value":"s","path":"_id","level":"error"}
{"message":"Cast to ObjectId failed for value \"s\" at path \"_id\" for model \"Article\"","name":"CastError","stringValue":"\"s\"","kind":"ObjectId","value":"s","path":"_id","level":"error"}
{"message":"Cast to ObjectId failed for value \"s\" at path \"_id\" for model \"Article\"","name":"CastError","stringValue":"\"s\"","kind":"ObjectId","value":"s","path":"_id","level":"error"}
{"message":"Cast to ObjectId failed for value \"s\" at path \"_id\" for model \"Article\"","name":"CastError","stringValue":"\"s\"","kind":"ObjectId","value":"s","path":"_id","level":"error"}
{"message":"Cast to ObjectId failed for value \"asdf\" at path \"_id\" for model \"Article\"","name":"CastError","stringValue":"\"asdf\"","kind":"ObjectId","value":"asdf","path":"_id","level":"error"}
{"message":"Cast to ObjectId failed for value \"asdfas\" at path \"_id\" for model \"Article\"","name":"CastError","stringValue":"\"asdfas\"","kind":"ObjectId","value":"asdfas","path":"_id","level":"error"}
{"message":"Cast to ObjectId failed for value \"5c1808asfda\" at path \"_id\" for model \"Article\"","name":"CastError","stringValue":"\"5c1808asfda\"","kind":"ObjectId","value":"5c1808asfda","path":"_id","level":"error"}
{"message":"Cast to ObjectId failed for value \"5c180876de\" at path \"_id\" for model \"Article\"","name":"CastError","stringValue":"\"5c180876de\"","kind":"ObjectId","value":"5c180876de","path":"_id","level":"error"}
{"message":"Cast to ObjectId failed for value \"reg\" at path \"_id\" for model \"Article\"","name":"CastError","stringValue":"\"reg\"","kind":"ObjectId","value":"reg","path":"_id","level":"error"}
{"message":"Cast to ObjectId failed for value \"register\" at path \"_id\" for model \"Article\"","name":"CastError","stringValue":"\"register\"","kind":"ObjectId","value":"register","path":"_id","level":"error"}
{"message":"Cast to ObjectId failed for value \"asdf\" at path \"_id\" for model \"Article\"","name":"CastError","stringValue":"\"asdf\"","kind":"ObjectId","value":"asdf","path":"_id","level":"error"}
{"message":"Cast to ObjectId failed for value \"asdf\" at path \"_id\" for model \"Article\"","name":"CastError","stringValue":"\"asdf\"","kind":"ObjectId","value":"asdf","path":"_id","level":"error"}
{"message":"Cast to ObjectId failed for value \"5casf\" at path \"_id\" for model \"Article\"","name":"CastError","stringValue":"\"5casf\"","kind":"ObjectId","value":"5casf","path":"_id","level":"error"}
{"message":"Cast to ObjectId failed for value \"5casf\" at path \"_id\" for model \"Article\"","name":"CastError","stringValue":"\"5casf\"","kind":"ObjectId","value":"5casf","path":"_id","level":"error"}
{"message":"Cast to ObjectId failed for value \"asdflkja\" at path \"_id\" for model \"Article\"","name":"CastError","stringValue":"\"asdflkja\"","kind":"ObjectId","value":"asdflkja","path":"_id","level":"error"}
{"message":"Cast to ObjectId failed for value \"5asfda\" at path \"_id\" for model \"Article\"","name":"CastError","stringValue":"\"5asfda\"","kind":"ObjectId","value":"5asfda","path":"_id","level":"error"}
{"message":"Cast to ObjectId failed for value \"asdf\" at path \"_id\" for model \"Article\"","name":"CastError","stringValue":"\"asdf\"","kind":"ObjectId","value":"asdf","path":"_id","level":"error"}
{"message":"Cast to ObjectId failed for value \"5c180asdf\" at path \"_id\" for model \"Article\"","name":"CastError","stringValue":"\"5c180asdf\"","kind":"ObjectId","value":"5c180asdf","path":"_id","level":"error"}
{"message":"Cast to ObjectId failed for value \"5c180asdf\" at path \"_id\" for model \"Article\"","name":"CastError","stringValue":"\"5c180asdf\"","kind":"ObjectId","value":"5c180asdf","path":"_id","level":"error"}
{"message":"Cast to ObjectId failed for value \"5c1asfd\" at path \"_id\" for model \"Article\"","name":"CastError","stringValue":"\"5c1asfd\"","kind":"ObjectId","value":"5c1asfd","path":"_id","level":"error"}
{"message":"Cast to ObjectId failed for value \"5c1808asdf\" at path \"_id\" for model \"Article\"","name":"CastError","stringValue":"\"5c1808asdf\"","kind":"ObjectId","value":"5c1808asdf","path":"_id","level":"error"}
{"message":"Cast to ObjectId failed for value \"5c1808asdf\" at path \"_id\" for model \"Article\"","name":"CastError","stringValue":"\"5c1808asdf\"","kind":"ObjectId","value":"5c1808asdf","path":"_id","level":"error"}
{"message":"Cast to ObjectId failed for value \"5c1808asdf\" at path \"_id\" for model \"Article\"","name":"CastError","stringValue":"\"5c1808asdf\"","kind":"ObjectId","value":"5c1808asdf","path":"_id","level":"error"}
{"message":"Cast to ObjectId failed for value \"5c1808asdf\" at path \"_id\" for model \"Article\"","name":"CastError","stringValue":"\"5c1808asdf\"","kind":"ObjectId","value":"5c1808asdf","path":"_id","level":"error"}
{"message":"Cast to ObjectId failed for value \"5c1808asdf\" at path \"_id\" for model \"Article\"","name":"CastError","stringValue":"\"5c1808asdf\"","kind":"ObjectId","value":"5c1808asdf","path":"_id","level":"error"}
{"message":"Cast to ObjectId failed for value \"5c1808asdf\" at path \"_id\" for model \"Article\"","name":"CastError","stringValue":"\"5c1808asdf\"","kind":"ObjectId","value":"5c1808asdf","path":"_id","level":"error"}
{"message":"Cast to ObjectId failed for value \"5c1808asdf\" at path \"_id\" for model \"Article\"","name":"CastError","stringValue":"\"5c1808asdf\"","kind":"ObjectId","value":"5c1808asdf","path":"_id","level":"error"}
{"message":"Cast to ObjectId failed for value \"5c1808asdf\" at path \"_id\" for model \"Article\"","name":"CastError","stringValue":"\"5c1808asdf\"","kind":"ObjectId","value":"5c1808asdf","path":"_id","level":"error"}
{"message":"Cast to ObjectId failed for value \"5c180asdf\" at path \"_id\" for model \"Article\"","name":"CastError","stringValue":"\"5c180asdf\"","kind":"ObjectId","value":"5c180asdf","path":"_id","level":"error"}
{"message":"Cast to ObjectId failed for value \"5c18087asdf\" at path \"_id\" for model \"Article\"","name":"CastError","stringValue":"\"5c18087asdf\"","kind":"ObjectId","value":"5c18087asdf","path":"_id","level":"error"}
{"message":"Cast to ObjectId failed for value \"5c180876debb1asdf\" at path \"_id\" for model \"Article\"","name":"CastError","stringValue":"\"5c180876debb1asdf\"","kind":"ObjectId","value":"5c180876debb1asdf","path":"_id","level":"error"}
{"message":"Cast to ObjectId failed for value \"5c180876debb1a94b78dlkj\" at path \"_id\" for model \"Article\"","name":"CastError","stringValue":"\"5c180876debb1a94b78dlkj\"","kind":"ObjectId","value":"5c180876debb1a94b78dlkj","path":"_id","level":"error"}
{"message":"Cast to ObjectId failed for value \"5c180876debbaf\" at path \"_id\" for model \"Article\"","name":"CastError","stringValue":"\"5c180876debbaf\"","kind":"ObjectId","value":"5c180876debbaf","path":"_id","level":"error"}
{"message":"Cast to ObjectId failed for value \"5c180876debafas\" at path \"_id\" for model \"Article\"","name":"CastError","stringValue":"\"5c180876debafas\"","kind":"ObjectId","value":"5c180876debafas","path":"_id","level":"error"}
{"message":"Cast to ObjectId failed for value \"5c180876debafas\" at path \"_id\" for model \"Article\"","name":"CastError","stringValue":"\"5c180876debafas\"","kind":"ObjectId","value":"5c180876debafas","path":"_id","level":"error"}
{"message":"Cast to ObjectId failed for value \"5c180876debb1a9kl\" at path \"_id\" for model \"Article\"","name":"CastError","stringValue":"\"5c180876debb1a9kl\"","kind":"ObjectId","value":"5c180876debb1a9kl","path":"_id","level":"error"}
